[debug] [2024-01-13T17:36:34.707Z] ----------------------------------------------------------------------
[debug] [2024-01-13T17:36:34.714Z] Command:       /usr/local/bin/node /usr/local/bin/firebase init
[debug] [2024-01-13T17:36:34.714Z] CLI Version:   13.0.3
[debug] [2024-01-13T17:36:34.715Z] Platform:      darwin
[debug] [2024-01-13T17:36:34.715Z] Node Version:  v20.10.0
[debug] [2024-01-13T17:36:34.715Z] Time:          Sat Jan 13 2024 14:36:34 GMT-0300 (hora estándar de Argentina)
[debug] [2024-01-13T17:36:34.716Z] ----------------------------------------------------------------------
[debug] 
[debug] [2024-01-13T17:36:34.725Z] > command requires scopes: ["email","openid","https://www.googleapis.com/auth/cloudplatformprojects.readonly","https://www.googleapis.com/auth/firebase","https://www.googleapis.com/auth/cloud-platform"]
[debug] [2024-01-13T17:36:34.726Z] > authorizing via signed-in user (redmarujuegos@gmail.com)
[info] 
     ######## #### ########  ######## ########     ###     ######  ########
     ##        ##  ##     ## ##       ##     ##  ##   ##  ##       ##
     ######    ##  ########  ######   ########  #########  ######  ######
     ##        ##  ##    ##  ##       ##     ## ##     ##       ## ##
     ##       #### ##     ## ######## ########  ##     ##  ######  ########

You're about to initialize a Firebase project in this directory:

  /Users/mac/Documents/BACKEND/responser

[info] 
=== Project Setup
[info] 
[info] First, let's associate this project directory with a Firebase project.
[info] You can create multiple project aliases by running firebase use --add, 
[info] but for now we'll just set up a default project.
[info] 
[info] i  If you want to create a project in a Google Cloud organization or folder, please use "firebase projects:create" instead, and return to this command when you've created the project. 
[debug] [2024-01-13T17:37:29.115Z] > refreshing access token with scopes: []
[debug] [2024-01-13T17:37:29.118Z] >>> [apiv2][query] POST https://www.googleapis.com/oauth2/v3/token [none]
[debug] [2024-01-13T17:37:29.118Z] >>> [apiv2][body] POST https://www.googleapis.com/oauth2/v3/token [omitted]
[debug] [2024-01-13T17:37:29.470Z] <<< [apiv2][status] POST https://www.googleapis.com/oauth2/v3/token 200
[debug] [2024-01-13T17:37:29.471Z] <<< [apiv2][body] POST https://www.googleapis.com/oauth2/v3/token [omitted]
[debug] [2024-01-13T17:37:29.537Z] >>> [apiv2][query] POST https://cloudresourcemanager.googleapis.com/v1/projects [none]
[debug] [2024-01-13T17:37:29.537Z] >>> [apiv2][body] POST https://cloudresourcemanager.googleapis.com/v1/projects {"projectId":"sebaredmaru","name":"sebaredmaru"}
[debug] [2024-01-13T17:37:30.595Z] <<< [apiv2][status] POST https://cloudresourcemanager.googleapis.com/v1/projects 409
[debug] [2024-01-13T17:37:30.595Z] <<< [apiv2][body] POST https://cloudresourcemanager.googleapis.com/v1/projects {"error":{"code":409,"message":"Requested entity already exists","status":"ALREADY_EXISTS"}}
[debug] [2024-01-13T17:37:30.750Z] FirebaseError: HTTP Error: 409, Requested entity already exists
    at responseToError (/usr/local/lib/node_modules/firebase-tools/lib/responseToError.js:49:12)
    at RetryOperation._fn (/usr/local/lib/node_modules/firebase-tools/lib/apiv2.js:292:77)
    at process.processTicksAndRejections (node:internal/process/task_queues:95:5)
[error] 
[error] Error: Failed to create project because there is already a project with ID sebaredmaru. Please try again with a unique project ID.
